[debug] [2024-09-01T06:59:33.353Z] ----------------------------------------------------------------------
[debug] [2024-09-01T06:59:33.358Z] Command:       C:\Program Files\nodejs\node.exe C:\Users\HP\AppData\Roaming\npm\node_modules\firebase-tools\lib\bin\firebase.js init
[debug] [2024-09-01T06:59:33.358Z] CLI Version:   13.16.0
[debug] [2024-09-01T06:59:33.359Z] Platform:      win32
[debug] [2024-09-01T06:59:33.359Z] Node Version:  v22.5.1
[debug] [2024-09-01T06:59:33.359Z] Time:          Sun Sep 01 2024 09:59:33 GMT+0300 (East Africa Time)
[debug] [2024-09-01T06:59:33.359Z] ----------------------------------------------------------------------
[debug] 
[debug] [2024-09-01T06:59:33.364Z] >>> [apiv2][query] GET https://firebase-public.firebaseio.com/cli.json [none]
[debug] [2024-09-01T06:59:33.453Z] > command requires scopes: ["email","openid","https://www.googleapis.com/auth/cloudplatformprojects.readonly","https://www.googleapis.com/auth/firebase","https://www.googleapis.com/auth/cloud-platform"]
[debug] [2024-09-01T06:59:33.454Z] > authorizing via signed-in user (marishhirey@gmail.com)
[info] 
     ######## #### ########  ######## ########     ###     ######  ########
     ##        ##  ##     ## ##       ##     ##  ##   ##  ##       ##
     ######    ##  ########  ######   ########  #########  ######  ######
     ##        ##  ##    ##  ##       ##     ## ##     ##       ## ##
     ##       #### ##     ## ######## ########  ##     ##  ######  ########

You're about to initialize a Firebase project in this directory:

  C:\Users\HP\OneDrive\Desktop\marish salon&spa

[debug] [2024-09-01T06:59:34.206Z] <<< [apiv2][status] GET https://firebase-public.firebaseio.com/cli.json 200
[debug] [2024-09-01T06:59:34.206Z] <<< [apiv2][body] GET https://firebase-public.firebaseio.com/cli.json {"cloudBuildErrorAfter":1594252800000,"cloudBuildWarnAfter":1590019200000,"defaultNode10After":1594252800000,"minVersion":"3.0.5","node8DeploysDisabledAfter":1613390400000,"node8RuntimeDisabledAfter":1615809600000,"node8WarnAfter":1600128000000}
